_XSERVTransmkdir: Owner of /tmp/.X11-unix should be set to root

Xvnc TigerVNC 1.1.0 - built Mar 22 2017 15:56:21
Copyright (C) 1999-2011 TigerVNC Team and many others (see README.txt)
See http://www.tigervnc.org for information on TigerVNC.
Underlying X server release 11704000, The X.Org Foundation


Thu Aug 17 08:31:07 2017
 vncext:      VNC extension running!
 vncext:      Listening for VNC connections on all interface(s), port 5960
 vncext:      created VNC server for screen 0
starting kde
startkde: Starting up...
Connecting to deprecated signal QDBusConnectionInterface::serviceOwnerChanged(QString,QString,QString)
kbuildsycoca4 running...
Connecting to deprecated signal QDBusConnectionInterface::serviceOwnerChanged(QString,QString,QString)
QDBusObjectPath: invalid path ""
X Error: XSyncBadAlarm 135
  Extension:    134 (Uknown extension)
  Minor opcode: 11 (Unknown request)
  Resource id:  0x3c
X Error: XSyncBadAlarm 135
  Extension:    134 (Uknown extension)
  Minor opcode: 11 (Unknown request)
  Resource id:  0x3c
QDBusConnection: name 'org.kde.kglobalaccel' had owner '' but we thought it was ':1.5'
<unknown program name>(20520)/ KStartupInfo::createNewStartupId: creating:  "dunegpvm02.fnal.gov;1502976673;966957;20520_TIME0" : "unnamed app"
kephald starting up 
XRANDR error base:  145 
RRInput mask is set!! 
RandRScreen::loadSettings - adding mode:  978 1920 x 1200 
RandRScreen::loadSettings - adding mode:  979 1920 x 1080 
RandRScreen::loadSettings - adding mode:  980 1600 x 1200 
RandRScreen::loadSettings - adding mode:  981 1680 x 1050 
RandRScreen::loadSettings - adding mode:  982 1400 x 1050 
RandRScreen::loadSettings - adding mode:  983 1360 x 768 
RandRScreen::loadSettings - adding mode:  984 1280 x 1024 
RandRScreen::loadSettings - adding mode:  985 1280 x 960 
RandRScreen::loadSettings - adding mode:  986 1280 x 800 
RandRScreen::loadSettings - adding mode:  987 1280 x 720 
RandRScreen::loadSettings - adding mode:  988 1024 x 768 
RandRScreen::loadSettings - adding mode:  989 800 x 600 
RandRScreen::loadSettings - adding mode:  990 640 x 480 
RandRScreen::loadSettings - adding mode:  991 1900 x 950 
RandRScreen::loadSettings - adding crtc:  976 
RandRScreen::loadSettings - adding output:  977 
Setting CRTC 976 on output "default" (previous 0 ) 
CRTC outputs: (977) 
Output name: "default" 
Output refresh rate: 60 
Output rect: QRect(0,0 1900x950) 
Output rotation: 1 
XRandROutputs::init 
  added output  977 
adding an output 0 with geom:  QRect(0,0 1900x950) 
output: "SCREEN-0" QRect(0,0 1900x950) 1952543855 true true 
load xml 
connected: 1 
looking for current "SCREEN-0" 
known "*" has score: 0.125 
screen: 0 QRect(0,0 1900x950) 
looking for a matching configuration... 
connected: 1 
looking for current "SCREEN-0" 
known "*" has score: 0.125 
found outputs, known: false 
activate external configuration!! 
registered the service: true 
screens registered on the bus: true 
outputs registered on the bus: true 
configurations registered on the bus: true 
Connecting to deprecated signal QDBusConnectionInterface::serviceOwnerChanged(QString,QString,QString)
QDBusObjectPath: invalid path ""
Connecting to deprecated signal QDBusConnectionInterface::serviceOwnerChanged(QString,QString,QString)
Connecting to deprecated signal QDBusConnectionInterface::serviceOwnerChanged(QString,QString,QString)
QFont::setPointSize: Point size <= 0 (0), must be greater than 0
QLayout: Attempting to add QLayout "" to QWidget "", which already has a layout
QGraphicsLinearLayout::removeAt: invalid index 0
QGraphicsLinearLayout::removeAt: invalid index 0
Object::connect: No such slot TaskManager::GroupManager::taskDestroyed(QObject*)
Object::connect: No such slot TaskManager::GroupManager::taskDestroyed(QObject*)
Object::connect: No such signal SystemTray::Manager::jobStateChanged(SystemTray::Job*)
Invalid D-BUS interface name 'org.kde.plasma-desktop.PlasmaApp' found while parsing introspection
<unknown program name>(20653)/ kdemain: Xlib XKB extension major= 1  minor= 0
Connecting to deprecated signal QDBusConnectionInterface::serviceOwnerChanged(QString,QString,QString)
Object::connect: No such slot TaskManager::GroupManager::taskDestroyed(QObject*)
Object::connect: No such slot TaskManager::GroupManager::taskDestroyed(QObject*)
"/usr/bin/krunner(20661)" Error in thread 139673622390848 : "org.freedesktop.DBus.Error.ServiceUnknown - The name org.kde.nepomuk.services.nepomukstorage was not provided by any .service files"
"/usr/bin/krunner(20661)" Error in thread 139673622390848 : "QLocalSocket::connectToServer: Invalid name"

(polkit-gnome-authentication-agent-1:20669): polkit-gnome-1-WARNING **: Unable to determine the session we are in: Remote Exception invoking org.freedesktop.ConsoleKit.Manager.GetSessionForUnixProcess() on /org/freedesktop/ConsoleKit/Manager at name org.freedesktop.ConsoleKit: org.freedesktop.ConsoleKit.Manager.GeneralError: Unable to lookup session information for process '20669' org.freedesktop.ConsoleKit.Manager.GeneralError Unable%20to%20lookup%20session%20information%20for%20process%20%2720669%27

(krb5-auth-dialog:20668): GLib-GObject-CRITICAL **: Object class GtkSecureEntry doesn't implement property 'editing-canceled' from interface 'GtkCellEditable'
FreeType: couldn't open face /usr/share/fonts/liberation/LiberationMono-Regular.ttf: 1
FreeType: couldn't open face /usr/share/fonts/liberation/LiberationMono-Regular.ttf: 1
FreeType: couldn't open face /usr/share/fonts/liberation/LiberationMono-Regular.ttf: 1
FreeType: couldn't open face /usr/share/fonts/liberation/LiberationMono-Regular.ttf: 1
QDBusObjectPath: invalid path ""
FreeType: couldn't open face /usr/share/fonts/liberation/LiberationMono-Regular.ttf: 1
FreeType: couldn't open face /usr/share/fonts/liberation/LiberationMono-Regular.ttf: 1
FreeType: couldn't open face /usr/share/fonts/liberation/LiberationMono-Regular.ttf: 1
FreeType: couldn't open face /usr/share/fonts/liberation/LiberationMono-Regular.ttf: 1
FreeType: couldn't open face /usr/share/fonts/liberation/LiberationMono-Regular.ttf: 1
Connecting to deprecated signal QDBusConnectionInterface::serviceOwnerChanged(QString,QString,QString)
FreeType: couldn't open face /usr/share/fonts/liberation/LiberationMono-Regular.ttf: 1
FreeType: couldn't open face /usr/share/fonts/liberation/LiberationMono-Regular.ttf: 1
FreeType: couldn't open face /usr/share/fonts/liberation/LiberationMono-Regular.ttf: 1
FreeType: couldn't open face /usr/share/fonts/liberation/LiberationMono-Bold.ttf: 1
FreeType: couldn't open face /usr/share/fonts/liberation/LiberationMono-Regular.ttf: 1
FreeType: couldn't open face /usr/share/fonts/liberation/LiberationMono-Regular.ttf: 1
FreeType: couldn't open face /usr/share/fonts/liberation/LiberationMono-Regular.ttf: 1
FreeType: couldn't open face /usr/share/fonts/liberation/LiberationMono-Regular.ttf: 1
FreeType: couldn't open face /usr/share/fonts/liberation/LiberationMono-Regular.ttf: 1
FreeType: couldn't open face /usr/share/fonts/liberation/LiberationMono-Regular.ttf: 1
FreeType: couldn't open face /usr/share/fonts/liberation/LiberationMono-Regular.ttf: 1
FreeType: couldn't open face /usr/share/fonts/liberation/LiberationMono-Regular.ttf: 1
FreeType: couldn't open face /usr/share/fonts/liberation/LiberationMono-Regular.ttf: 1
FreeType: couldn't open face /usr/share/fonts/liberation/LiberationMono-Regular.ttf: 1
FreeType: couldn't open face /usr/share/fonts/liberation/LiberationMono-Regular.ttf: 1
FreeType: couldn't open face /usr/share/fonts/liberation/LiberationMono-Regular.ttf: 1
FreeType: couldn't open face /usr/share/fonts/liberation/LiberationMono-Bold.ttf: 1
Object::connect: No such slot TaskManager::GroupManager::taskDestroyed(QObject*)
"Warning: You do not seem to have the package gstreamer0.10-plugins-good installed.
          Some video features have been disabled." 
Object::connect: No such slot TaskManager::GroupManager::taskDestroyed(QObject*)
Object::connect: No such slot TaskManager::GroupManager::taskDestroyed(QObject*)
kded4: Fatal IO error: client killed
kglobalaccel: Fatal IO error: client killed
kwin: Fatal IO error: client killed
klauncher: Exiting on signal 15
XIO:  fatal IO error 11 (Resource temporarily unavailable) on X server ":60"
      after 21 requests (21 known processed) with 0 events remaining.
QProcess: Destroyed while process is still running.
Connection lost to X server `:60'
Connection lost to X server `:60'
ksmserver: Fatal IO error: client killed
